2020-06-09 11:17:17,191 INFO 23323 [Timer] /Users/mac/code/egg-example/node_modules/egg-multipart/app/schedule/clean_tmpdir.js next time will execute after 61962811ms at 2020-06-10 04:30:00.002
2020-06-09 11:17:17,192 INFO 23323 [Timer] /Users/mac/code/egg-example/node_modules/egg-logrotator/app/schedule/clean_log.js next time will execute after 45762809ms at 2020-06-10 00:00:00.000
2020-06-09 11:17:17,192 INFO 23323 [Timer] /Users/mac/code/egg-example/node_modules/egg-logrotator/app/schedule/rotate_by_file.js next time will execute after 45763808ms at 2020-06-10 00:00:01.000
2020-06-09 11:17:17,135 INFO 23324 [egg-schedule]: register schedule /Users/mac/code/egg-example/node_modules/egg-multipart/app/schedule/clean_tmpdir.js
2020-06-09 11:17:17,135 INFO 23324 [egg-schedule]: register schedule /Users/mac/code/egg-example/node_modules/egg-logrotator/app/schedule/clean_log.js
2020-06-09 11:17:17,135 INFO 23324 [egg-schedule]: register schedule /Users/mac/code/egg-example/node_modules/egg-logrotator/app/schedule/rotate_by_file.js
2020-06-09 11:21:46,134 INFO 23447 [egg-schedule]: register schedule /Users/mac/code/egg-example/node_modules/egg-multipart/app/schedule/clean_tmpdir.js
2020-06-09 11:21:46,135 INFO 23447 [egg-schedule]: register schedule /Users/mac/code/egg-example/node_modules/egg-logrotator/app/schedule/clean_log.js
2020-06-09 11:21:46,135 INFO 23447 [egg-schedule]: register schedule /Users/mac/code/egg-example/node_modules/egg-logrotator/app/schedule/rotate_by_file.js
2020-06-09 11:25:24,100 INFO 23459 [egg-schedule]: register schedule /Users/mac/code/egg-example/node_modules/egg-multipart/app/schedule/clean_tmpdir.js
2020-06-09 11:25:24,100 INFO 23459 [egg-schedule]: register schedule /Users/mac/code/egg-example/node_modules/egg-logrotator/app/schedule/clean_log.js
2020-06-09 11:25:24,100 INFO 23459 [egg-schedule]: register schedule /Users/mac/code/egg-example/node_modules/egg-logrotator/app/schedule/rotate_by_file.js
2020-06-09 11:45:28,131 INFO 23524 [egg-schedule]: register schedule /Users/mac/code/egg-example/node_modules/egg-multipart/app/schedule/clean_tmpdir.js
2020-06-09 11:45:28,131 INFO 23524 [egg-schedule]: register schedule /Users/mac/code/egg-example/node_modules/egg-logrotator/app/schedule/clean_log.js
2020-06-09 11:45:28,131 INFO 23524 [egg-schedule]: register schedule /Users/mac/code/egg-example/node_modules/egg-logrotator/app/schedule/rotate_by_file.js
2020-06-09 11:45:58,110 INFO 23529 [egg-schedule]: register schedule /Users/mac/code/egg-example/node_modules/egg-multipart/app/schedule/clean_tmpdir.js
2020-06-09 11:45:58,110 INFO 23529 [egg-schedule]: register schedule /Users/mac/code/egg-example/node_modules/egg-logrotator/app/schedule/clean_log.js
2020-06-09 11:45:58,110 INFO 23529 [egg-schedule]: register schedule /Users/mac/code/egg-example/node_modules/egg-logrotator/app/schedule/rotate_by_file.js
2020-06-09 11:58:05,393 INFO 23544 [egg-schedule]: register schedule /Users/mac/code/egg-example/node_modules/egg-multipart/app/schedule/clean_tmpdir.js
2020-06-09 11:58:05,393 INFO 23544 [egg-schedule]: register schedule /Users/mac/code/egg-example/node_modules/egg-logrotator/app/schedule/clean_log.js
2020-06-09 11:58:05,393 INFO 23544 [egg-schedule]: register schedule /Users/mac/code/egg-example/node_modules/egg-logrotator/app/schedule/rotate_by_file.js
2020-06-09 11:59:24,387 INFO 23662 [Timer] /Users/mac/code/egg-example/node_modules/egg-multipart/app/schedule/clean_tmpdir.js next time will execute after 59435615ms at 2020-06-10 04:30:00.002
2020-06-09 11:59:24,387 INFO 23662 [Timer] /Users/mac/code/egg-example/node_modules/egg-logrotator/app/schedule/clean_log.js next time will execute after 43235613ms at 2020-06-10 00:00:00.000
2020-06-09 11:59:24,387 INFO 23662 [Timer] /Users/mac/code/egg-example/node_modules/egg-logrotator/app/schedule/rotate_by_file.js next time will execute after 43236613ms at 2020-06-10 00:00:01.000
2020-06-09 11:59:24,318 INFO 23663 [egg-schedule]: register schedule /Users/mac/code/egg-example/node_modules/egg-multipart/app/schedule/clean_tmpdir.js
2020-06-09 11:59:24,318 INFO 23663 [egg-schedule]: register schedule /Users/mac/code/egg-example/node_modules/egg-logrotator/app/schedule/clean_log.js
2020-06-09 11:59:24,318 INFO 23663 [egg-schedule]: register schedule /Users/mac/code/egg-example/node_modules/egg-logrotator/app/schedule/rotate_by_file.js
2020-06-09 14:30:06,539 INFO 23799 [egg-schedule]: register schedule /Users/mac/code/egg-example/node_modules/egg-multipart/app/schedule/clean_tmpdir.js
2020-06-09 14:30:06,539 INFO 23799 [egg-schedule]: register schedule /Users/mac/code/egg-example/node_modules/egg-logrotator/app/schedule/clean_log.js
2020-06-09 14:30:06,539 INFO 23799 [egg-schedule]: register schedule /Users/mac/code/egg-example/node_modules/egg-logrotator/app/schedule/rotate_by_file.js
2020-06-09 14:45:02,785 INFO 23841 [egg-schedule]: register schedule /Users/mac/code/egg-example/node_modules/egg-multipart/app/schedule/clean_tmpdir.js
2020-06-09 14:45:02,785 INFO 23841 [egg-schedule]: register schedule /Users/mac/code/egg-example/node_modules/egg-logrotator/app/schedule/clean_log.js
2020-06-09 14:45:02,785 INFO 23841 [egg-schedule]: register schedule /Users/mac/code/egg-example/node_modules/egg-logrotator/app/schedule/rotate_by_file.js
2020-06-09 14:47:24,392 INFO 23846 [egg-schedule]: register schedule /Users/mac/code/egg-example/node_modules/egg-multipart/app/schedule/clean_tmpdir.js
2020-06-09 14:47:24,392 INFO 23846 [egg-schedule]: register schedule /Users/mac/code/egg-example/node_modules/egg-logrotator/app/schedule/clean_log.js
2020-06-09 14:47:24,392 INFO 23846 [egg-schedule]: register schedule /Users/mac/code/egg-example/node_modules/egg-logrotator/app/schedule/rotate_by_file.js
2020-06-09 14:49:13,909 INFO 23857 [egg-schedule]: register schedule /Users/mac/code/egg-example/node_modules/egg-multipart/app/schedule/clean_tmpdir.js
2020-06-09 14:49:13,909 INFO 23857 [egg-schedule]: register schedule /Users/mac/code/egg-example/node_modules/egg-logrotator/app/schedule/clean_log.js
2020-06-09 14:49:13,909 INFO 23857 [egg-schedule]: register schedule /Users/mac/code/egg-example/node_modules/egg-logrotator/app/schedule/rotate_by_file.js
2020-06-09 14:53:46,290 INFO 23880 [egg-schedule]: register schedule /Users/mac/code/egg-example/node_modules/egg-multipart/app/schedule/clean_tmpdir.js
2020-06-09 14:53:46,290 INFO 23880 [egg-schedule]: register schedule /Users/mac/code/egg-example/node_modules/egg-logrotator/app/schedule/clean_log.js
2020-06-09 14:53:46,290 INFO 23880 [egg-schedule]: register schedule /Users/mac/code/egg-example/node_modules/egg-logrotator/app/schedule/rotate_by_file.js
2020-06-09 14:55:23,550 INFO 23890 [egg-schedule]: register schedule /Users/mac/code/egg-example/node_modules/egg-multipart/app/schedule/clean_tmpdir.js
2020-06-09 14:55:23,550 INFO 23890 [egg-schedule]: register schedule /Users/mac/code/egg-example/node_modules/egg-logrotator/app/schedule/clean_log.js
2020-06-09 14:55:23,550 INFO 23890 [egg-schedule]: register schedule /Users/mac/code/egg-example/node_modules/egg-logrotator/app/schedule/rotate_by_file.js
2020-06-09 14:57:01,164 INFO 23916 [egg-schedule]: register schedule /Users/mac/code/egg-example/node_modules/egg-multipart/app/schedule/clean_tmpdir.js
2020-06-09 14:57:01,164 INFO 23916 [egg-schedule]: register schedule /Users/mac/code/egg-example/node_modules/egg-logrotator/app/schedule/clean_log.js
2020-06-09 14:57:01,164 INFO 23916 [egg-schedule]: register schedule /Users/mac/code/egg-example/node_modules/egg-logrotator/app/schedule/rotate_by_file.js
2020-06-09 15:00:39,288 INFO 23940 [egg-schedule]: register schedule /Users/mac/code/egg-example/node_modules/egg-multipart/app/schedule/clean_tmpdir.js
2020-06-09 15:00:39,288 INFO 23940 [egg-schedule]: register schedule /Users/mac/code/egg-example/node_modules/egg-logrotator/app/schedule/clean_log.js
2020-06-09 15:00:39,288 INFO 23940 [egg-schedule]: register schedule /Users/mac/code/egg-example/node_modules/egg-logrotator/app/schedule/rotate_by_file.js
2020-06-09 15:05:24,680 INFO 23968 [egg-schedule]: register schedule /Users/mac/code/egg-example/node_modules/egg-multipart/app/schedule/clean_tmpdir.js
2020-06-09 15:05:24,680 INFO 23968 [egg-schedule]: register schedule /Users/mac/code/egg-example/node_modules/egg-logrotator/app/schedule/clean_log.js
2020-06-09 15:05:24,680 INFO 23968 [egg-schedule]: register schedule /Users/mac/code/egg-example/node_modules/egg-logrotator/app/schedule/rotate_by_file.js
2020-06-09 15:10:39,461 INFO 24035 [egg-schedule]: register schedule /Users/mac/code/egg-example/node_modules/egg-multipart/app/schedule/clean_tmpdir.js
2020-06-09 15:10:39,461 INFO 24035 [egg-schedule]: register schedule /Users/mac/code/egg-example/node_modules/egg-logrotator/app/schedule/clean_log.js
2020-06-09 15:10:39,461 INFO 24035 [egg-schedule]: register schedule /Users/mac/code/egg-example/node_modules/egg-logrotator/app/schedule/rotate_by_file.js
2020-06-09 15:10:40,609 INFO 24043 [egg-schedule]: register schedule /Users/mac/code/egg-example/node_modules/egg-multipart/app/schedule/clean_tmpdir.js
2020-06-09 15:10:40,609 INFO 24043 [egg-schedule]: register schedule /Users/mac/code/egg-example/node_modules/egg-logrotator/app/schedule/clean_log.js
2020-06-09 15:10:40,609 INFO 24043 [egg-schedule]: register schedule /Users/mac/code/egg-example/node_modules/egg-logrotator/app/schedule/rotate_by_file.js
2020-06-09 15:11:38,621 INFO 24056 [egg-schedule]: register schedule /Users/mac/code/egg-example/node_modules/egg-multipart/app/schedule/clean_tmpdir.js
2020-06-09 15:11:38,621 INFO 24056 [egg-schedule]: register schedule /Users/mac/code/egg-example/node_modules/egg-logrotator/app/schedule/clean_log.js
2020-06-09 15:11:38,621 INFO 24056 [egg-schedule]: register schedule /Users/mac/code/egg-example/node_modules/egg-logrotator/app/schedule/rotate_by_file.js
2020-06-09 15:15:00,371 INFO 24119 [egg-schedule]: register schedule /Users/mac/code/egg-example/node_modules/egg-multipart/app/schedule/clean_tmpdir.js
2020-06-09 15:15:00,371 INFO 24119 [egg-schedule]: register schedule /Users/mac/code/egg-example/node_modules/egg-logrotator/app/schedule/clean_log.js
2020-06-09 15:15:00,371 INFO 24119 [egg-schedule]: register schedule /Users/mac/code/egg-example/node_modules/egg-logrotator/app/schedule/rotate_by_file.js
2020-06-09 15:16:06,490 INFO 24127 [egg-schedule]: register schedule /Users/mac/code/egg-example/node_modules/egg-multipart/app/schedule/clean_tmpdir.js
2020-06-09 15:16:06,490 INFO 24127 [egg-schedule]: register schedule /Users/mac/code/egg-example/node_modules/egg-logrotator/app/schedule/clean_log.js
2020-06-09 15:16:06,490 INFO 24127 [egg-schedule]: register schedule /Users/mac/code/egg-example/node_modules/egg-logrotator/app/schedule/rotate_by_file.js
2020-06-09 16:58:33,955 INFO 25477 [egg-schedule]: register schedule /Users/mac/code/egg-example/node_modules/egg-multipart/app/schedule/clean_tmpdir.js
2020-06-09 16:58:33,955 INFO 25477 [egg-schedule]: register schedule /Users/mac/code/egg-example/node_modules/egg-logrotator/app/schedule/clean_log.js
2020-06-09 16:58:33,955 INFO 25477 [egg-schedule]: register schedule /Users/mac/code/egg-example/node_modules/egg-logrotator/app/schedule/rotate_by_file.js
2020-06-09 17:07:33,531 INFO 25501 [egg-schedule]: register schedule /Users/mac/code/egg-example/node_modules/egg-multipart/app/schedule/clean_tmpdir.js
2020-06-09 17:07:33,531 INFO 25501 [egg-schedule]: register schedule /Users/mac/code/egg-example/node_modules/egg-logrotator/app/schedule/clean_log.js
2020-06-09 17:07:33,531 INFO 25501 [egg-schedule]: register schedule /Users/mac/code/egg-example/node_modules/egg-logrotator/app/schedule/rotate_by_file.js
2020-06-09 17:09:04,921 INFO 25509 [egg-schedule]: register schedule /Users/mac/code/egg-example/node_modules/egg-multipart/app/schedule/clean_tmpdir.js
2020-06-09 17:09:04,921 INFO 25509 [egg-schedule]: register schedule /Users/mac/code/egg-example/node_modules/egg-logrotator/app/schedule/clean_log.js
2020-06-09 17:09:04,921 INFO 25509 [egg-schedule]: register schedule /Users/mac/code/egg-example/node_modules/egg-logrotator/app/schedule/rotate_by_file.js
2020-06-09 17:12:20,281 INFO 25636 [Timer] /Users/mac/code/egg-example/node_modules/egg-multipart/app/schedule/clean_tmpdir.js next time will execute after 40659721ms at 2020-06-10 04:30:00.002
2020-06-09 17:12:20,281 INFO 25636 [Timer] /Users/mac/code/egg-example/node_modules/egg-logrotator/app/schedule/clean_log.js next time will execute after 24459719ms at 2020-06-10 00:00:00.000
2020-06-09 17:12:20,281 INFO 25636 [Timer] /Users/mac/code/egg-example/node_modules/egg-logrotator/app/schedule/rotate_by_file.js next time will execute after 24460719ms at 2020-06-10 00:00:01.000
2020-06-09 17:12:20,221 INFO 25637 [egg-schedule]: register schedule /Users/mac/code/egg-example/node_modules/egg-multipart/app/schedule/clean_tmpdir.js
2020-06-09 17:12:20,221 INFO 25637 [egg-schedule]: register schedule /Users/mac/code/egg-example/node_modules/egg-logrotator/app/schedule/clean_log.js
2020-06-09 17:12:20,221 INFO 25637 [egg-schedule]: register schedule /Users/mac/code/egg-example/node_modules/egg-logrotator/app/schedule/rotate_by_file.js
2020-06-09 17:25:34,233 INFO 25684 [egg-schedule]: register schedule /Users/mac/code/egg-example/node_modules/egg-multipart/app/schedule/clean_tmpdir.js
2020-06-09 17:25:34,233 INFO 25684 [egg-schedule]: register schedule /Users/mac/code/egg-example/node_modules/egg-logrotator/app/schedule/clean_log.js
2020-06-09 17:25:34,233 INFO 25684 [egg-schedule]: register schedule /Users/mac/code/egg-example/node_modules/egg-logrotator/app/schedule/rotate_by_file.js
2020-06-09 17:27:54,973 INFO 25725 [egg-schedule]: register schedule /Users/mac/code/egg-example/node_modules/egg-multipart/app/schedule/clean_tmpdir.js
2020-06-09 17:27:54,973 INFO 25725 [egg-schedule]: register schedule /Users/mac/code/egg-example/node_modules/egg-logrotator/app/schedule/clean_log.js
2020-06-09 17:27:54,973 INFO 25725 [egg-schedule]: register schedule /Users/mac/code/egg-example/node_modules/egg-logrotator/app/schedule/rotate_by_file.js
2020-06-09 17:28:43,149 INFO 25730 [egg-schedule]: register schedule /Users/mac/code/egg-example/node_modules/egg-multipart/app/schedule/clean_tmpdir.js
2020-06-09 17:28:43,149 INFO 25730 [egg-schedule]: register schedule /Users/mac/code/egg-example/node_modules/egg-logrotator/app/schedule/clean_log.js
2020-06-09 17:28:43,149 INFO 25730 [egg-schedule]: register schedule /Users/mac/code/egg-example/node_modules/egg-logrotator/app/schedule/rotate_by_file.js
2020-06-09 17:32:02,304 INFO 25749 [egg-schedule]: register schedule /Users/mac/code/egg-example/node_modules/egg-multipart/app/schedule/clean_tmpdir.js
2020-06-09 17:32:02,304 INFO 25749 [egg-schedule]: register schedule /Users/mac/code/egg-example/node_modules/egg-logrotator/app/schedule/clean_log.js
2020-06-09 17:32:02,304 INFO 25749 [egg-schedule]: register schedule /Users/mac/code/egg-example/node_modules/egg-logrotator/app/schedule/rotate_by_file.js
2020-06-09 17:32:21,708 INFO 25757 [egg-schedule]: register schedule /Users/mac/code/egg-example/node_modules/egg-multipart/app/schedule/clean_tmpdir.js
2020-06-09 17:32:21,708 INFO 25757 [egg-schedule]: register schedule /Users/mac/code/egg-example/node_modules/egg-logrotator/app/schedule/clean_log.js
2020-06-09 17:32:21,708 INFO 25757 [egg-schedule]: register schedule /Users/mac/code/egg-example/node_modules/egg-logrotator/app/schedule/rotate_by_file.js
2020-06-09 17:32:25,410 INFO 25758 [egg-schedule]: register schedule /Users/mac/code/egg-example/node_modules/egg-multipart/app/schedule/clean_tmpdir.js
2020-06-09 17:32:25,410 INFO 25758 [egg-schedule]: register schedule /Users/mac/code/egg-example/node_modules/egg-logrotator/app/schedule/clean_log.js
2020-06-09 17:32:25,410 INFO 25758 [egg-schedule]: register schedule /Users/mac/code/egg-example/node_modules/egg-logrotator/app/schedule/rotate_by_file.js
2020-06-10 11:26:17,740 INFO 1416 [Timer] /Users/mac/code/egg-example/node_modules/egg-multipart/app/schedule/clean_tmpdir.js next time will execute after 61422262ms at 2020-06-11 04:30:00.002
2020-06-10 11:26:17,741 INFO 1416 [Timer] /Users/mac/code/egg-example/node_modules/egg-logrotator/app/schedule/clean_log.js next time will execute after 45222259ms at 2020-06-11 00:00:00.000
2020-06-10 11:26:17,741 INFO 1416 [Timer] /Users/mac/code/egg-example/node_modules/egg-logrotator/app/schedule/rotate_by_file.js next time will execute after 45223259ms at 2020-06-11 00:00:01.000
2020-06-10 11:26:17,605 INFO 1419 [egg-schedule]: register schedule /Users/mac/code/egg-example/node_modules/egg-multipart/app/schedule/clean_tmpdir.js
2020-06-10 11:26:17,605 INFO 1419 [egg-schedule]: register schedule /Users/mac/code/egg-example/node_modules/egg-logrotator/app/schedule/clean_log.js
2020-06-10 11:26:17,605 INFO 1419 [egg-schedule]: register schedule /Users/mac/code/egg-example/node_modules/egg-logrotator/app/schedule/rotate_by_file.js
2020-06-10 11:51:34,731 INFO 1489 [egg-schedule]: register schedule /Users/mac/code/egg-example/node_modules/egg-multipart/app/schedule/clean_tmpdir.js
2020-06-10 11:51:34,731 INFO 1489 [egg-schedule]: register schedule /Users/mac/code/egg-example/node_modules/egg-logrotator/app/schedule/clean_log.js
2020-06-10 11:51:34,731 INFO 1489 [egg-schedule]: register schedule /Users/mac/code/egg-example/node_modules/egg-logrotator/app/schedule/rotate_by_file.js
2020-06-10 11:55:07,573 INFO 1507 [egg-schedule]: register schedule /Users/mac/code/egg-example/node_modules/egg-multipart/app/schedule/clean_tmpdir.js
2020-06-10 11:55:07,573 INFO 1507 [egg-schedule]: register schedule /Users/mac/code/egg-example/node_modules/egg-logrotator/app/schedule/clean_log.js
2020-06-10 11:55:07,573 INFO 1507 [egg-schedule]: register schedule /Users/mac/code/egg-example/node_modules/egg-logrotator/app/schedule/rotate_by_file.js
2020-06-10 14:23:57,369 INFO 1869 [Timer] /Users/mac/code/egg-example/node_modules/egg-multipart/app/schedule/clean_tmpdir.js next time will execute after 50762633ms at 2020-06-11 04:30:00.002
2020-06-10 14:23:57,369 INFO 1869 [Timer] /Users/mac/code/egg-example/node_modules/egg-logrotator/app/schedule/clean_log.js next time will execute after 34562631ms at 2020-06-11 00:00:00.000
2020-06-10 14:23:57,370 INFO 1869 [Timer] /Users/mac/code/egg-example/node_modules/egg-logrotator/app/schedule/rotate_by_file.js next time will execute after 34563631ms at 2020-06-11 00:00:01.001
2020-06-10 14:23:57,261 INFO 1870 [egg-schedule]: register schedule /Users/mac/code/egg-example/node_modules/egg-multipart/app/schedule/clean_tmpdir.js
2020-06-10 14:23:57,261 INFO 1870 [egg-schedule]: register schedule /Users/mac/code/egg-example/node_modules/egg-logrotator/app/schedule/clean_log.js
2020-06-10 14:23:57,261 INFO 1870 [egg-schedule]: register schedule /Users/mac/code/egg-example/node_modules/egg-logrotator/app/schedule/rotate_by_file.js
2020-06-10 14:28:01,452 INFO 1895 [egg-schedule]: register schedule /Users/mac/code/egg-example/node_modules/egg-multipart/app/schedule/clean_tmpdir.js
2020-06-10 14:28:01,453 INFO 1895 [egg-schedule]: register schedule /Users/mac/code/egg-example/node_modules/egg-logrotator/app/schedule/clean_log.js
2020-06-10 14:28:01,453 INFO 1895 [egg-schedule]: register schedule /Users/mac/code/egg-example/node_modules/egg-logrotator/app/schedule/rotate_by_file.js
2020-06-10 14:35:41,537 INFO 1941 [egg-schedule]: register schedule /Users/mac/code/egg-example/node_modules/egg-multipart/app/schedule/clean_tmpdir.js
2020-06-10 14:35:41,537 INFO 1941 [egg-schedule]: register schedule /Users/mac/code/egg-example/node_modules/egg-logrotator/app/schedule/clean_log.js
2020-06-10 14:35:41,537 INFO 1941 [egg-schedule]: register schedule /Users/mac/code/egg-example/node_modules/egg-logrotator/app/schedule/rotate_by_file.js
2020-06-10 14:37:08,993 INFO 1951 [egg-schedule]: register schedule /Users/mac/code/egg-example/node_modules/egg-multipart/app/schedule/clean_tmpdir.js
2020-06-10 14:37:08,993 INFO 1951 [egg-schedule]: register schedule /Users/mac/code/egg-example/node_modules/egg-logrotator/app/schedule/clean_log.js
2020-06-10 14:37:08,993 INFO 1951 [egg-schedule]: register schedule /Users/mac/code/egg-example/node_modules/egg-logrotator/app/schedule/rotate_by_file.js
2020-06-10 14:37:29,158 INFO 1957 [egg-schedule]: register schedule /Users/mac/code/egg-example/node_modules/egg-multipart/app/schedule/clean_tmpdir.js
2020-06-10 14:37:29,158 INFO 1957 [egg-schedule]: register schedule /Users/mac/code/egg-example/node_modules/egg-logrotator/app/schedule/clean_log.js
2020-06-10 14:37:29,158 INFO 1957 [egg-schedule]: register schedule /Users/mac/code/egg-example/node_modules/egg-logrotator/app/schedule/rotate_by_file.js
2020-06-10 14:37:59,788 INFO 1958 [egg-schedule]: register schedule /Users/mac/code/egg-example/node_modules/egg-multipart/app/schedule/clean_tmpdir.js
2020-06-10 14:37:59,788 INFO 1958 [egg-schedule]: register schedule /Users/mac/code/egg-example/node_modules/egg-logrotator/app/schedule/clean_log.js
2020-06-10 14:37:59,788 INFO 1958 [egg-schedule]: register schedule /Users/mac/code/egg-example/node_modules/egg-logrotator/app/schedule/rotate_by_file.js
2020-06-10 14:44:05,827 INFO 1993 [egg-schedule]: register schedule /Users/mac/code/egg-example/node_modules/egg-multipart/app/schedule/clean_tmpdir.js
2020-06-10 14:44:05,827 INFO 1993 [egg-schedule]: register schedule /Users/mac/code/egg-example/node_modules/egg-logrotator/app/schedule/clean_log.js
2020-06-10 14:44:05,827 INFO 1993 [egg-schedule]: register schedule /Users/mac/code/egg-example/node_modules/egg-logrotator/app/schedule/rotate_by_file.js
2020-06-10 14:55:31,179 INFO 2042 [egg-schedule]: register schedule /Users/mac/code/egg-example/node_modules/egg-multipart/app/schedule/clean_tmpdir.js
2020-06-10 14:55:31,179 INFO 2042 [egg-schedule]: register schedule /Users/mac/code/egg-example/node_modules/egg-logrotator/app/schedule/clean_log.js
2020-06-10 14:55:31,179 INFO 2042 [egg-schedule]: register schedule /Users/mac/code/egg-example/node_modules/egg-logrotator/app/schedule/rotate_by_file.js
2020-06-10 14:58:06,836 INFO 2077 [egg-schedule]: register schedule /Users/mac/code/egg-example/node_modules/egg-multipart/app/schedule/clean_tmpdir.js
2020-06-10 14:58:06,836 INFO 2077 [egg-schedule]: register schedule /Users/mac/code/egg-example/node_modules/egg-logrotator/app/schedule/clean_log.js
2020-06-10 14:58:06,836 INFO 2077 [egg-schedule]: register schedule /Users/mac/code/egg-example/node_modules/egg-logrotator/app/schedule/rotate_by_file.js
2020-06-10 14:59:31,516 INFO 2082 [egg-schedule]: register schedule /Users/mac/code/egg-example/node_modules/egg-multipart/app/schedule/clean_tmpdir.js
2020-06-10 14:59:31,517 INFO 2082 [egg-schedule]: register schedule /Users/mac/code/egg-example/node_modules/egg-logrotator/app/schedule/clean_log.js
2020-06-10 14:59:31,517 INFO 2082 [egg-schedule]: register schedule /Users/mac/code/egg-example/node_modules/egg-logrotator/app/schedule/rotate_by_file.js
2020-06-10 15:00:19,463 INFO 2088 [egg-schedule]: register schedule /Users/mac/code/egg-example/node_modules/egg-multipart/app/schedule/clean_tmpdir.js
2020-06-10 15:00:19,463 INFO 2088 [egg-schedule]: register schedule /Users/mac/code/egg-example/node_modules/egg-logrotator/app/schedule/clean_log.js
2020-06-10 15:00:19,463 INFO 2088 [egg-schedule]: register schedule /Users/mac/code/egg-example/node_modules/egg-logrotator/app/schedule/rotate_by_file.js
2020-06-10 15:12:48,986 INFO 2129 [egg-schedule]: register schedule /Users/mac/code/egg-example/node_modules/egg-multipart/app/schedule/clean_tmpdir.js
2020-06-10 15:12:48,987 INFO 2129 [egg-schedule]: register schedule /Users/mac/code/egg-example/node_modules/egg-logrotator/app/schedule/clean_log.js
2020-06-10 15:12:48,987 INFO 2129 [egg-schedule]: register schedule /Users/mac/code/egg-example/node_modules/egg-logrotator/app/schedule/rotate_by_file.js
2020-06-10 15:14:53,001 INFO 2136 [egg-schedule]: register schedule /Users/mac/code/egg-example/node_modules/egg-multipart/app/schedule/clean_tmpdir.js
2020-06-10 15:14:53,001 INFO 2136 [egg-schedule]: register schedule /Users/mac/code/egg-example/node_modules/egg-logrotator/app/schedule/clean_log.js
2020-06-10 15:14:53,001 INFO 2136 [egg-schedule]: register schedule /Users/mac/code/egg-example/node_modules/egg-logrotator/app/schedule/rotate_by_file.js
2020-06-10 15:15:35,251 INFO 2142 [egg-schedule]: register schedule /Users/mac/code/egg-example/node_modules/egg-multipart/app/schedule/clean_tmpdir.js
2020-06-10 15:15:35,251 INFO 2142 [egg-schedule]: register schedule /Users/mac/code/egg-example/node_modules/egg-logrotator/app/schedule/clean_log.js
2020-06-10 15:15:35,251 INFO 2142 [egg-schedule]: register schedule /Users/mac/code/egg-example/node_modules/egg-logrotator/app/schedule/rotate_by_file.js
